[00:19:35] [ServerMain/INFO]: Environment: Environment[sessionHost=https://sessionserver.mojang.com, servicesHost=https://api.minecraftservices.com, name=PROD]
[00:19:36] [ServerMain/INFO]: Loaded 1290 recipes
[00:19:37] [ServerMain/INFO]: Loaded 1399 advancements
[00:19:37] [Server thread/INFO]: Starting minecraft server version 1.21.1
[00:19:37] [Server thread/INFO]: Loading properties
[00:19:37] [Server thread/INFO]: Default game type: SURVIVAL
[00:19:37] [Server thread/INFO]: Generating keypair
[00:19:37] [Server thread/INFO]: Starting Minecraft server on *:25565
[00:19:37] [Server thread/INFO]: Using default channel type
[00:19:37] [Server thread/INFO]: Preparing level "world"
[00:19:42] [Server thread/INFO]: Preparing start region for dimension minecraft:overworld
[00:19:42] [Worker-Main-4/INFO]: Preparing spawn area: 2%
[00:19:42] [Worker-Main-2/INFO]: Preparing spawn area: 2%
[00:19:43] [Worker-Main-6/INFO]: Preparing spawn area: 2%
[00:19:43] [Worker-Main-1/INFO]: Preparing spawn area: 2%
[00:19:44] [Worker-Main-4/INFO]: Preparing spawn area: 18%
[00:19:44] [Worker-Main-1/INFO]: Preparing spawn area: 18%
[00:19:45] [Worker-Main-5/INFO]: Preparing spawn area: 51%
[00:19:45] [Worker-Main-5/INFO]: Preparing spawn area: 51%
[00:19:45] [Server thread/INFO]: Time elapsed: 3946 ms
[00:19:45] [Server thread/INFO]: Done (8.046s)! For help, type "help"
[00:19:46] [Server thread/ERROR]: Couldn't load server icon
java.lang.IllegalStateException: Must be 64 pixels wide
	at com.google.common.base.Preconditions.checkState(Preconditions.java:512) ~[guava-32.1.2-jre.jar:?]
	at net.minecraft.server.MinecraftServer.j(SourceFile:874) [server-1.21.1.jar:?]
	at java.base/java.util.Optional.flatMap(Optional.java:289) [?:?]
	at net.minecraft.server.MinecraftServer.bD(SourceFile:871) [server-1.21.1.jar:?]
	at net.minecraft.server.MinecraftServer.y(SourceFile:667) [server-1.21.1.jar:?]
	at net.minecraft.server.MinecraftServer.a(SourceFile:281) [server-1.21.1.jar:?]
	at java.base/java.lang.Thread.run(Thread.java:1474) [?:?]
[00:19:46] [Server thread/INFO]: There are 0 of a max of 20 players online: 
[00:19:49] [Server thread/INFO]: There are 0 of a max of 20 players online: 
[00:19:56] [Server thread/INFO]: There are 0 of a max of 20 players online: 
[00:20:03] [Server thread/INFO]: There are 0 of a max of 20 players online: 
[00:20:10] [Server thread/INFO]: There are 0 of a max of 20 players online: 
[00:20:11] [Server thread/INFO]: Saving the game (this may take a moment!)
[00:20:11] [Server thread/INFO]: Saved the game
[00:20:13] [Server thread/INFO]: Automatic saving is now disabled
[00:20:16] [Server thread/INFO]: Automatic saving is now enabled
[00:20:17] [Server thread/INFO]: There are 0 of a max of 20 players online: 
[00:20:24] [Server thread/INFO]: There are 0 of a max of 20 players online: 
[00:20:31] [Server thread/INFO]: There are 0 of a max of 20 players online: 
[00:20:38] [Server thread/INFO]: There are 0 of a max of 20 players online: 
[00:20:45] [Server thread/INFO]: There are 0 of a max of 20 players online: 
[00:20:52] [Server thread/INFO]: There are 0 of a max of 20 players online: 
[00:20:56] [Server thread/INFO]: Stopping the server
[00:20:57] [Server thread/INFO]: Stopping server
[00:20:57] [Server thread/INFO]: Saving players
[00:20:57] [Server thread/INFO]: Saving worlds
[00:20:57] [Server thread/INFO]: Saving chunks for level 'ServerLevel[world]'/minecraft:overworld
[00:20:59] [Server thread/INFO]: Saving chunks for level 'ServerLevel[world]'/minecraft:the_end
[00:20:59] [Server thread/INFO]: Saving chunks for level 'ServerLevel[world]'/minecraft:the_nether
[00:20:59] [Server thread/INFO]: ThreadedAnvilChunkStorage (world): All chunks are saved
[00:20:59] [Server thread/INFO]: ThreadedAnvilChunkStorage (DIM1): All chunks are saved
[00:20:59] [Server thread/INFO]: ThreadedAnvilChunkStorage (DIM-1): All chunks are saved
[00:20:59] [Server thread/INFO]: ThreadedAnvilChunkStorage: All dimensions are saved
