[22:47:43] [main/INFO]: Loading Minecraft 26.1.2 with Fabric Loader 0.19.2
[22:47:43] [main/INFO]: Mappings not present!
[22:47:44] [main/INFO]: Loading 59 mods:
	- alternate-current 1.9.0
	- appleskin 3.0.9+mc26.1
	- carpet 26.1+v260402
	- chunky 1.4.58
	- cloth-config 26.1.154
	   \-- cloth-basic-math 0.6.1
	- clumps 26.1.2.1
	- distanthorizons 3.0.1-b
	   |-- fabric-api-base 2.0.3+ece0632339
	   |-- fabric-api-lookup-api-v1 2.0.10+d5a053b639
	   |-- fabric-biome-api-v1 18.0.4+35c80edc39
	   |-- fabric-block-api-v1 3.0.2+ec56b60139
	   |-- fabric-block-getter-api-v2 2.0.6+ec56b60139
	   |-- fabric-client-gametest-api-v1 5.0.14+9c21967139
	   |-- fabric-command-api-v2 3.0.5+e2bdee7839
	   |-- fabric-content-registries-v0 11.0.12+d871b99e39
	   |-- fabric-crash-report-info-v1 1.0.3+9f78a5a839
	   |-- fabric-creative-tab-api-v1 5.0.10+d871b99e39
	   |-- fabric-debug-api-v1 1.0.1+c792624d39
	   |-- fabric-dimensions-v1 5.1.4+9cbf5da539
	   |-- fabric-entity-events-v1 5.0.2+e2bdee7839
	   |-- fabric-events-interaction-v0 5.1.10+c82f046139
	   |-- fabric-game-rule-api-v1 4.0.5+d871b99e39
	   |-- fabric-gametest-api-v1 4.0.13+00a1fba639
	   |-- fabric-item-api-v1 14.1.0+9833182c39
	   |-- fabric-key-mapping-api-v1 2.0.4+e2bdee7839
	   |-- fabric-lifecycle-events-v1 4.0.6+a9b9c17639
	   |-- fabric-loot-api-v3 3.0.11+00a1fba639
	   |-- fabric-menu-api-v1 2.0.12+d871b99e39
	   |-- fabric-message-api-v1 7.0.5+dae8ce3e39
	   |-- fabric-model-loading-api-v1 8.0.3+c80601bb39
	   |-- fabric-networking-api-v1 6.3.0+50a808ce39
	   |-- fabric-particles-v1 5.0.14+b61fef4339
	   |-- fabric-recipe-api-v1 9.0.13+be4b75ae39
	   |-- fabric-registry-sync-v0 7.0.12+b61fef4339
	   |-- fabric-renderer-api-v1 13.0.0+c80601bb39
	   |-- fabric-renderer-indigo 8.0.2+a6be36ef39
	   |-- fabric-rendering-fluids-v1 6.0.1+d871b99e39
	   |-- fabric-rendering-v1 23.0.4+c7e428fd39
	   |-- fabric-resource-conditions-api-v1 6.0.5+00a1fba639
	   |-- fabric-resource-loader-v0 3.3.16+4fc5413f39
	   |-- fabric-resource-loader-v1 2.0.9+d871b99e39
	   |-- fabric-screen-api-v1 5.0.1+d871b99e39
	   |-- fabric-serialization-api-v1 2.0.3+11a26f3139
	   |-- fabric-sound-api-v1 2.0.4+11a26f3139
	   |-- fabric-tag-api-v1 2.0.9+11a26f3139
	   \-- fabric-transitive-access-wideners-v1 8.0.11+d871b99e39
	- entityculling 1.10.1
	   |-- transition 1.0.17
	   \-- trender 1.0.12
	- fabric-api 0.146.1+26.1.2
	   |-- fabric-convention-tags-v2 4.4.0+f006eade4c
	   |-- fabric-data-attachment-api-v1 2.2.4+d602a8964c
	   |-- fabric-data-generation-api-v1 24.0.18+35c80edc4c
	   |-- fabric-key-mapping-api-v1 2.0.4+e2bdee784c
	   |-- fabric-model-loading-api-v1 8.0.4+c80601bb4c
	   |-- fabric-object-builder-api-v1 23.0.14+b95dd56e4c
	   |-- fabric-renderer-api-v1 13.0.1+c80601bb4c
	   |-- fabric-renderer-indigo 8.0.3+a6be36ef4c
	   |-- fabric-rendering-v1 23.0.5+08c26e364c
	   |-- fabric-screen-api-v1 5.0.1+d871b99e4c
	   |-- fabric-sound-api-v1 2.0.4+11a26f314c
	   \-- fabric-transfer-api-v1 8.0.4+357ea7334c
	- fabricloader 0.19.2
	   \-- mixinextras 0.5.4
	- ferritecore 9.0.0
	- jade 26.0.8+fabric
	- java 25
	- jei 29.5.0.26
	- lithium 0.24.2+mc26.1.2
	- minecraft 26.1.2
	- modernfix 5.27.5-build.2
	- noisium 2.8.4+mc26.1-pre-2
	- placeholder-api 3.0.0+26.1
[22:47:44] [main/INFO]: SpongePowered MIXIN Subsystem Version=0.8.7 Source=file:/C:/Users/mmyzx/Documents/GitHub/Marcternos/data/servers/mundofabric-kfbjx1/libraries/net/fabricmc/sponge-mixin/0.17.2+mixin.0.8.7/sponge-mixin-0.17.2+mixin.0.8.7.jar Service=Knot/Fabric Env=SERVER
[22:47:45] [main/INFO]: Compatibility level set to JAVA_16
[22:47:45] [main/INFO]: Compatibility level set to JAVA_21
[22:47:45] [main/INFO]: Compatibility level set to JAVA_25
[22:47:45] [main/WARN]: Reference map 'clumps.refmap.json' for clumps.mixins.json could not be read. If this is a development environment you can ignore this message
[22:47:45] [main/WARN]: Reference map 'entityculling.refmap.mixins.json' for entityculling.mixins.json could not be read. If this is a development environment you can ignore this message
[22:47:45] [main/INFO]: Loaded configuration file for Lithium: 168 options available, 0 override(s) found.
[22:47:45] [main/INFO]: Loaded configuration file for ModernFix 5.27.5-build.2: 75 options available, 0 override(s) found
[22:47:45] [main/INFO]: Applying Nashorn fix
[22:47:45] [main/WARN]: Reference map 'modernfix.refmap.json' for modernfix-fabric.mixins.json could not be read. If this is a development environment you can ignore this message
[22:47:45] [main/WARN]: Reference map 'modernfix.refmap.json' for modernfix-common.mixins.json could not be read. If this is a development environment you can ignore this message
[22:47:49] [main/INFO]: Initializing MixinExtras via com.llamalad7.mixinextras.service.MixinExtrasServiceImpl(version=0.5.4).
[22:47:54] [main/INFO]: ModernFix reached bootstrap stage (12.12 s after launch)
[22:47:58] [main/WARN]: Method overwrite conflict for getTemperature in modernfix-common.mixins.json:perf.remove_biome_temperature_cache.BiomeMixin from mod modernfix, previously written by net.caffeinemc.mods.lithium.mixin.world.temperature_cache.BiomeMixin. Skipping method.
[22:48:06] [main/INFO]: Vanilla bootstrap took 12713 milliseconds
[22:48:07] [main/INFO]: Loading Noisium.
[22:48:07] [main/INFO]: Loaded Noisium config from resource
[22:48:07] [main/INFO]: Noisium config: noiseChunkGenerator=true, generationShapeConfig=true, chunkSection=true, chainedBlockSource=true, useGuiGraphics=true
[22:48:07] [main/INFO]: Loaded Fabric config from .\config\noisium.json
[22:48:07] [main/INFO]: Initializing Distant Horizons server, firing DhApiBeforeDhInitEvent event...
[22:48:07] [main/INFO]: Running library validation...
[22:48:07] [main/INFO]: Garbage collectors: [G1 Young Generation, G1 Concurrent GC, G1 Old Generation]
[22:48:07] [main/WARN]: Distant Horizons: G1 Garbage collector detected.
This can cause FPS stuttering. 
It's recommended to use a concurrent garbage collector 
like ZGC (Java 21+) or Shenandoah (Java 8 through 17) 
for a smoother experience.
[22:48:08] [main/INFO]: Distant Horizons, Version: 3.0.1-b
[22:48:08] [main/INFO]: Registering Fabric Server Events
[22:48:08] [main/INFO]: Skipping mod compatibility accessor for: [starlight]
[22:48:08] [main/INFO]: Skipping mod compatibility accessor for: [optifine]
[22:48:08] [main/INFO]: Skipping mod compatibility accessor for: [bclib]
[22:48:08] [main/INFO]: Skipping mod compatibility accessor for: [c2me]
[22:48:08] [main/INFO]: Skipping mod compatibility accessor for: [iris]
[22:48:08] [main/INFO]: Distant Horizons server Initialized, adding event subscribers...
[22:48:08] [main/INFO]: Environment: Environment[sessionHost=https://sessionserver.mojang.com, servicesHost=https://api.minecraftservices.com, profilesHost=https://api.mojang.com, name=PROD]
[22:48:13] [main/INFO]: Loaded 1515 recipes
[22:48:13] [main/INFO]: Loaded 1617 advancements
[22:48:13] [main/WARN]: Initial datapack load took 4.970 s
[22:48:14] [main/INFO]: Applied 0 biome modifications to 0 of 65 new biomes in 1.631 ms
[22:48:14] [Server thread/INFO]: Initialising config for [DistantHorizons]
[22:48:14] [Server thread/INFO]: [DistantHorizons] Config initialised
[22:48:14] [Server thread/INFO]: Dimension ignoring disabled, DH will render all dimensions.
[22:48:14] [Server thread/INFO]: Applying config to loggers
[22:48:14] [Server thread/INFO]: Running Delayed setup...
[22:48:14] [Server thread/INFO]: Delayed setup complete, firing DhApiAfterDhInitEvent event...
[22:48:14] [Server thread/INFO]: Checking for Distant Horizons update
[22:48:15] [Server thread/INFO]: New version (3.0.2-b - 26.1.2 neo/fabric) of Distant Horizons is available
[22:48:15] [Server thread/INFO]: Download link: https://cdn.modrinth.com/data/uCdwusMi/versions/eikDE1mo/DistantHorizons-3.0.2-b-26.1.2-fabric-neoforge.jar
[22:48:15] [Server thread/INFO]: Distant Horizons server Initialized at 
[22:48:15] [Server thread/INFO]: Started [DhServerWorld] of type [SERVER_ONLY].
[22:48:15] [Server thread/INFO]: Starting minecraft server version 26.1.2
[22:48:15] [Server thread/INFO]: Loading properties
[22:48:15] [Server thread/INFO]: Default game type: SURVIVAL
[22:48:15] [Server thread/INFO]: Generating keypair
[22:48:15] [Server thread/INFO]: Starting Minecraft server on *:25565
[22:48:15] [Server thread/INFO]: Preparing level "mundoFabric"
[22:48:16] [DH-Full Data Migration Thread[0]/INFO]: No migration necessary.
[22:48:16] [Server thread/INFO]: Started DhServerLevel for [Wrapped{ServerLevel[mundoFabric]@minecraft:overworld}] at [[LocalSaveStructure@(.\mundoFabric\dimensions\minecraft\overworld\data)]].
[22:48:16] [DH-Request Module Ticker [minecraft:overworld] Thread[0]/INFO]: Batch Chunk Generator initialized
[22:48:16] [DH-Request Module Ticker [minecraft:overworld] Thread[0]/INFO]: Creating world gen queue
[22:48:16] [DH-Request Module Ticker [minecraft:overworld] Thread[0]/INFO]: Created world gen queue
[22:48:16] [DH-Request Module Ticker [minecraft:overworld] Thread[0]/INFO]: Set world gen queue for level [minecraft:overworld].
[22:48:16] [DH-Full Data Migration Thread[0]/INFO]: No migration necessary.
[22:48:16] [Server thread/INFO]: Started DhServerLevel for [Wrapped{ServerLevel[mundoFabric]@minecraft:the_end}] at [[LocalSaveStructure@(.\mundoFabric\dimensions\minecraft\the_end\data;.\mundoFabric\dimensions\minecraft\overworld\data)]].
[22:48:16] [DH-Request Module Ticker [minecraft:the_end] Thread[0]/INFO]: Batch Chunk Generator initialized
[22:48:16] [DH-Request Module Ticker [minecraft:the_end] Thread[0]/INFO]: Creating world gen queue
[22:48:16] [DH-Request Module Ticker [minecraft:the_end] Thread[0]/INFO]: Created world gen queue
[22:48:16] [DH-Request Module Ticker [minecraft:the_end] Thread[0]/INFO]: Set world gen queue for level [minecraft:the_end].
[22:48:16] [DH-Full Data Migration Thread[0]/INFO]: No migration necessary.
[22:48:16] [Server thread/INFO]: Started DhServerLevel for [Wrapped{ServerLevel[mundoFabric]@minecraft:the_nether}] at [[LocalSaveStructure@(.\mundoFabric\dimensions\minecraft\the_end\data;.\mundoFabric\dimensions\minecraft\the_nether\data;.\mundoFabric\dimensions\minecraft\overworld\data)]].
[22:48:16] [Server thread/INFO]: Loading 0 persistent chunks...
[22:48:16] [DH-Request Module Ticker [minecraft:the_nether] Thread[0]/INFO]: Batch Chunk Generator initialized
[22:48:16] [DH-Request Module Ticker [minecraft:the_nether] Thread[0]/INFO]: Creating world gen queue
[22:48:16] [DH-Request Module Ticker [minecraft:the_nether] Thread[0]/INFO]: Created world gen queue
[22:48:16] [DH-Request Module Ticker [minecraft:the_nether] Thread[0]/INFO]: Set world gen queue for level [minecraft:the_nether].
[22:48:16] [Server thread/INFO]: Preparing spawn area: 100%
[22:48:16] [Server thread/INFO]: Time elapsed: 69 ms
[22:48:16] [Server thread/INFO]: Done (0.798s)! For help, type "help"
[22:48:16] [Server thread/INFO]: Saving chunks for level 'ServerLevel[mundoFabric]'/minecraft:overworld
[22:48:16] [Server thread/INFO]: Saving chunks for level 'ServerLevel[mundoFabric]'/minecraft:the_end
[22:48:16] [Server thread/INFO]: Saving chunks for level 'ServerLevel[mundoFabric]'/minecraft:the_nether
[22:48:16] [Server thread/INFO]: ThreadedAnvilChunkStorage (world): All chunks are saved
[22:48:16] [Server thread/INFO]: ThreadedAnvilChunkStorage (DIM1): All chunks are saved
[22:48:16] [Server thread/INFO]: ThreadedAnvilChunkStorage (DIM-1): All chunks are saved
[22:48:16] [Server thread/INFO]: ThreadedAnvilChunkStorage: All dimensions are saved
[22:48:16] [Server thread/WARN]: Dedicated server took 34.437 seconds to load
[22:48:16] [Server thread/ERROR]: Couldn't load server icon
java.lang.IllegalArgumentException: Invalid world icon size [195, 200], but expected [64, 64]
	at knot//net.minecraft.server.MinecraftServer.lambda$loadStatusIcon$3(MinecraftServer.java:946)
	at java.base/java.util.Optional.flatMap(Optional.java:289)
	at knot//net.minecraft.server.MinecraftServer.loadStatusIcon(MinecraftServer.java:941)
	at knot//net.minecraft.server.MinecraftServer.runServer(MinecraftServer.java:745)
	at knot//net.minecraft.server.MinecraftServer.lambda$spin$0(MinecraftServer.java:321)
	at java.base/java.lang.Thread.run(Thread.java:1474)
[22:48:16] [Server thread/INFO]: Start loading plugin from Jade: snownee.jade.addon.core.CorePlugin
[22:48:16] [Server thread/INFO]: Start loading plugin from Jade: snownee.jade.addon.vanilla.VanillaPlugin
[22:48:16] [Server thread/INFO]: Start loading plugin from Jade: snownee.jade.addon.universal.UniversalPlugin
[22:48:16] [Server thread/INFO]: Start loading plugin from Jade: snownee.jade.addon.access.AccessibilityPlugin
[22:48:16] [Server thread/INFO]: Start loading plugin from Jade: snownee.jade.addon.debug.DebugPlugin
[22:48:16] [Server thread/INFO]: There are 0 of a max of 20 players online: 
[22:48:22] [Server thread/INFO]: There are 0 of a max of 20 players online: 
[22:48:29] [Server thread/INFO]: There are 0 of a max of 20 players online: 
[22:48:36] [Server thread/INFO]: There are 0 of a max of 20 players online: 
[22:48:43] [Server thread/INFO]: There are 0 of a max of 20 players online: 
[22:48:46] [Server thread/INFO]: Set minecraft:overworld to time marker minecraft:day
[22:48:50] [Server thread/INFO]: There are 0 of a max of 20 players online: 
[22:48:57] [Server thread/INFO]: There are 0 of a max of 20 players online: 
[22:49:04] [Server thread/INFO]: There are 0 of a max of 20 players online: 
[22:49:11] [Server thread/INFO]: There are 0 of a max of 20 players online: 
[22:49:18] [Server thread/INFO]: There are 0 of a max of 20 players online: 
[22:49:25] [Server thread/INFO]: There are 0 of a max of 20 players online: 
[22:49:32] [Server thread/INFO]: There are 0 of a max of 20 players online: 
[22:49:39] [Server thread/INFO]: There are 0 of a max of 20 players online: 
[22:49:46] [Server thread/INFO]: There are 0 of a max of 20 players online: 
[22:49:53] [Server thread/INFO]: There are 0 of a max of 20 players online: 
[22:50:00] [Server thread/INFO]: There are 0 of a max of 20 players online: 
[22:50:07] [Server thread/INFO]: There are 0 of a max of 20 players online: 
[22:50:14] [Server thread/INFO]: There are 0 of a max of 20 players online: 
[22:50:21] [Server thread/INFO]: There are 0 of a max of 20 players online: 
[22:50:26] [Server thread/INFO]: Stopping the server
[22:50:26] [Server thread/INFO]: Stopping server
[22:50:26] [Server thread/INFO]: Saving players
[22:50:26] [Server thread/INFO]: Saving worlds
[22:50:26] [Server thread/INFO]: Saving chunks for level 'ServerLevel[mundoFabric]'/minecraft:overworld
[22:50:26] [Server thread/INFO]: Saving chunks for level 'ServerLevel[mundoFabric]'/minecraft:the_end
[22:50:26] [Server thread/INFO]: Saving chunks for level 'ServerLevel[mundoFabric]'/minecraft:the_nether
[22:50:26] [Server thread/INFO]: ThreadedAnvilChunkStorage (world): All chunks are saved
[22:50:26] [Server thread/INFO]: ThreadedAnvilChunkStorage (DIM1): All chunks are saved
[22:50:26] [Server thread/INFO]: ThreadedAnvilChunkStorage (DIM-1): All chunks are saved
[22:50:26] [Server thread/INFO]: ThreadedAnvilChunkStorage: All dimensions are saved
[22:50:26] [Server thread/INFO]: Closing world gen queue
[22:50:26] [Server thread/INFO]: Closing WorldGenerationQueue...
[22:50:26] [Server thread/INFO]: Shutting down world generator thread pool...
[22:50:26] [Server thread/INFO]: World generator thread pool shutdown with [0] incomplete tasks.
[22:50:26] [Server thread/INFO]: [BatchGenerator] shutting down...
[22:50:26] [Server thread/INFO]: Closing [BatchGenerationEnvironment]
[22:50:26] [Server thread/INFO]: Finished closing WorldGenerationQueue
[22:50:26] [Server thread/INFO]: Closed DHLevel for [Wrapped{ServerLevel[mundoFabric]@minecraft:overworld}].
[22:50:26] [Server thread/INFO]: Closing world gen queue
[22:50:26] [Server thread/INFO]: Closing WorldGenerationQueue...
[22:50:26] [Server thread/INFO]: Shutting down world generator thread pool...
[22:50:26] [Server thread/INFO]: World generator thread pool shutdown with [0] incomplete tasks.
[22:50:26] [Server thread/INFO]: [BatchGenerator] shutting down...
[22:50:26] [Server thread/INFO]: Closing [BatchGenerationEnvironment]
[22:50:26] [Server thread/INFO]: Finished closing WorldGenerationQueue
[22:50:26] [Server thread/INFO]: Closed DHLevel for [Wrapped{ServerLevel[mundoFabric]@minecraft:the_end}].
[22:50:26] [Server thread/INFO]: Closing world gen queue
[22:50:26] [Server thread/INFO]: Closing WorldGenerationQueue...
[22:50:26] [Server thread/INFO]: Shutting down world generator thread pool...
[22:50:26] [Server thread/INFO]: World generator thread pool shutdown with [0] incomplete tasks.
[22:50:26] [Server thread/INFO]: [BatchGenerator] shutting down...
[22:50:26] [Server thread/INFO]: Closing [BatchGenerationEnvironment]
[22:50:26] [Server thread/INFO]: Finished closing WorldGenerationQueue
[22:50:26] [Server thread/INFO]: Closed DHLevel for [Wrapped{ServerLevel[mundoFabric]@minecraft:the_nether}].
[22:50:27] [Server thread/INFO]: Closed DhWorld of type [SERVER_ONLY].
[22:50:27] [Server thread/INFO]: Closed DhWorld of type [SERVER_ONLY].
[22:50:27] [Server thread/INFO]: Shutting down PriorityTaskPicker thread pool...
[22:50:27] [Server thread/INFO]: Closing all [3] database connections...
[22:50:27] [Server thread/INFO]: Closing database connection: [jdbc:dh_sqlite:.\mundoFabric\dimensions\minecraft\the_end\data\DistantHorizons.sqlite]
[22:50:27] [Server thread/INFO]: Closing database connection: [jdbc:dh_sqlite:.\mundoFabric\dimensions\minecraft\the_nether\data\DistantHorizons.sqlite]
[22:50:27] [Server thread/INFO]: Closing database connection: [jdbc:dh_sqlite:.\mundoFabric\dimensions\minecraft\overworld\data\DistantHorizons.sqlite]
